==18368== Memcheck, a memory error detector
==18368== Copyright (C) 2002-2017, and GNU GPL'd, by Julian Seward et al.
==18368== Using Valgrind-3.18.1 and LibVEX; rerun with -h for copyright info
==18368== Command: ./a.out
==18368== Parent PID: 15626
==18368== 
==18368== Invalid write of size 8
==18368==    at 0x10AB1F: Graph::Graph() (in /home/collin/programming/c++/ece250/graphlab/a.out)
==18368==    by 0x10A63E: main (in /home/collin/programming/c++/ece250/graphlab/a.out)
==18368==  Address 0x51ae5e0 is 0 bytes after a block of size 4,000,016 alloc'd
==18368==    at 0x484A2F3: operator new[](unsigned long) (in /usr/libexec/valgrind/vgpreload_memcheck-amd64-linux.so)
==18368==    by 0x10AAF8: Graph::Graph() (in /home/collin/programming/c++/ece250/graphlab/a.out)
==18368==    by 0x10A63E: main (in /home/collin/programming/c++/ece250/graphlab/a.out)
==18368== 
==18368== Invalid read of size 8
==18368==    at 0x10C459: Heap::Heap(vertex_list**) (in /home/collin/programming/c++/ece250/graphlab/a.out)
==18368==    by 0x10ABE9: Graph::path(int, int) (in /home/collin/programming/c++/ece250/graphlab/a.out)
==18368==    by 0x10A8EB: main (in /home/collin/programming/c++/ece250/graphlab/a.out)
==18368==  Address 0x51ae5e0 is 0 bytes after a block of size 4,000,016 alloc'd
==18368==    at 0x484A2F3: operator new[](unsigned long) (in /usr/libexec/valgrind/vgpreload_memcheck-amd64-linux.so)
==18368==    by 0x10AAF8: Graph::Graph() (in /home/collin/programming/c++/ece250/graphlab/a.out)
==18368==    by 0x10A63E: main (in /home/collin/programming/c++/ece250/graphlab/a.out)
==18368== 
==18368== Use of uninitialised value of size 8
==18368==    at 0x10C646: Heap::heapify(int, int) (in /home/collin/programming/c++/ece250/graphlab/a.out)
==18368==    by 0x10AE71: Graph::scan_vertex(int, Heap*) (in /home/collin/programming/c++/ece250/graphlab/a.out)
==18368==    by 0x10AC02: Graph::path(int, int) (in /home/collin/programming/c++/ece250/graphlab/a.out)
==18368==    by 0x10A8EB: main (in /home/collin/programming/c++/ece250/graphlab/a.out)
==18368==  Uninitialised value was created by a heap allocation
==18368==    at 0x484A2F3: operator new[](unsigned long) (in /usr/libexec/valgrind/vgpreload_memcheck-amd64-linux.so)
==18368==    by 0x10C491: Heap::Heap(vertex_list**) (in /home/collin/programming/c++/ece250/graphlab/a.out)
==18368==    by 0x10ABE9: Graph::path(int, int) (in /home/collin/programming/c++/ece250/graphlab/a.out)
==18368==    by 0x10A8EB: main (in /home/collin/programming/c++/ece250/graphlab/a.out)
==18368== 
==18368== Use of uninitialised value of size 8
==18368==    at 0x10C66E: Heap::heapify(int, int) (in /home/collin/programming/c++/ece250/graphlab/a.out)
==18368==    by 0x10AE71: Graph::scan_vertex(int, Heap*) (in /home/collin/programming/c++/ece250/graphlab/a.out)
==18368==    by 0x10AC02: Graph::path(int, int) (in /home/collin/programming/c++/ece250/graphlab/a.out)
==18368==    by 0x10A8EB: main (in /home/collin/programming/c++/ece250/graphlab/a.out)
==18368==  Uninitialised value was created by a heap allocation
==18368==    at 0x484A2F3: operator new[](unsigned long) (in /usr/libexec/valgrind/vgpreload_memcheck-amd64-linux.so)
==18368==    by 0x10C491: Heap::Heap(vertex_list**) (in /home/collin/programming/c++/ece250/graphlab/a.out)
==18368==    by 0x10ABE9: Graph::path(int, int) (in /home/collin/programming/c++/ece250/graphlab/a.out)
==18368==    by 0x10A8EB: main (in /home/collin/programming/c++/ece250/graphlab/a.out)
==18368== 
==18368== Use of uninitialised value of size 8
==18368==    at 0x10C6B0: Heap::heapify(int, int) (in /home/collin/programming/c++/ece250/graphlab/a.out)
==18368==    by 0x10AE71: Graph::scan_vertex(int, Heap*) (in /home/collin/programming/c++/ece250/graphlab/a.out)
==18368==    by 0x10AC02: Graph::path(int, int) (in /home/collin/programming/c++/ece250/graphlab/a.out)
==18368==    by 0x10A8EB: main (in /home/collin/programming/c++/ece250/graphlab/a.out)
==18368==  Uninitialised value was created by a heap allocation
==18368==    at 0x484A2F3: operator new[](unsigned long) (in /usr/libexec/valgrind/vgpreload_memcheck-amd64-linux.so)
==18368==    by 0x10C491: Heap::Heap(vertex_list**) (in /home/collin/programming/c++/ece250/graphlab/a.out)
==18368==    by 0x10ABE9: Graph::path(int, int) (in /home/collin/programming/c++/ece250/graphlab/a.out)
==18368==    by 0x10A8EB: main (in /home/collin/programming/c++/ece250/graphlab/a.out)
==18368== 
==18368== Use of uninitialised value of size 8
==18368==    at 0x10C6D8: Heap::heapify(int, int) (in /home/collin/programming/c++/ece250/graphlab/a.out)
==18368==    by 0x10AE71: Graph::scan_vertex(int, Heap*) (in /home/collin/programming/c++/ece250/graphlab/a.out)
==18368==    by 0x10AC02: Graph::path(int, int) (in /home/collin/programming/c++/ece250/graphlab/a.out)
==18368==    by 0x10A8EB: main (in /home/collin/programming/c++/ece250/graphlab/a.out)
==18368==  Uninitialised value was created by a heap allocation
==18368==    at 0x484A2F3: operator new[](unsigned long) (in /usr/libexec/valgrind/vgpreload_memcheck-amd64-linux.so)
==18368==    by 0x10C491: Heap::Heap(vertex_list**) (in /home/collin/programming/c++/ece250/graphlab/a.out)
==18368==    by 0x10ABE9: Graph::path(int, int) (in /home/collin/programming/c++/ece250/graphlab/a.out)
==18368==    by 0x10A8EB: main (in /home/collin/programming/c++/ece250/graphlab/a.out)
==18368== 
==18368== Use of uninitialised value of size 8
==18368==    at 0x10ADB9: Graph::scan_vertex(int, Heap*) (in /home/collin/programming/c++/ece250/graphlab/a.out)
==18368==    by 0x10AFB5: Graph::scan_vertex(int, Heap*) (in /home/collin/programming/c++/ece250/graphlab/a.out)
==18368==    by 0x10AC02: Graph::path(int, int) (in /home/collin/programming/c++/ece250/graphlab/a.out)
==18368==    by 0x10A8EB: main (in /home/collin/programming/c++/ece250/graphlab/a.out)
==18368==  Uninitialised value was created by a heap allocation
==18368==    at 0x484A2F3: operator new[](unsigned long) (in /usr/libexec/valgrind/vgpreload_memcheck-amd64-linux.so)
==18368==    by 0x10C491: Heap::Heap(vertex_list**) (in /home/collin/programming/c++/ece250/graphlab/a.out)
==18368==    by 0x10ABE9: Graph::path(int, int) (in /home/collin/programming/c++/ece250/graphlab/a.out)
==18368==    by 0x10A8EB: main (in /home/collin/programming/c++/ece250/graphlab/a.out)
==18368== 
==18368== Invalid read of size 8
==18368==    at 0x10BD54: vertex_list::get_head() (in /home/collin/programming/c++/ece250/graphlab/a.out)
==18368==    by 0x10ADF3: Graph::scan_vertex(int, Heap*) (in /home/collin/programming/c++/ece250/graphlab/a.out)
==18368==    by 0x10AFB5: Graph::scan_vertex(int, Heap*) (in /home/collin/programming/c++/ece250/graphlab/a.out)
==18368==    by 0x10AC02: Graph::path(int, int) (in /home/collin/programming/c++/ece250/graphlab/a.out)
==18368==    by 0x10A8EB: main (in /home/collin/programming/c++/ece250/graphlab/a.out)
==18368==  Address 0x0 is not stack'd, malloc'd or (recently) free'd
==18368== 
==18368== 
==18368== Process terminating with default action of signal 11 (SIGSEGV)
==18368==  Access not within mapped region at address 0x0
==18368==    at 0x10BD54: vertex_list::get_head() (in /home/collin/programming/c++/ece250/graphlab/a.out)
==18368==    by 0x10ADF3: Graph::scan_vertex(int, Heap*) (in /home/collin/programming/c++/ece250/graphlab/a.out)
==18368==    by 0x10AFB5: Graph::scan_vertex(int, Heap*) (in /home/collin/programming/c++/ece250/graphlab/a.out)
==18368==    by 0x10AC02: Graph::path(int, int) (in /home/collin/programming/c++/ece250/graphlab/a.out)
==18368==    by 0x10A8EB: main (in /home/collin/programming/c++/ece250/graphlab/a.out)
==18368==  If you believe this happened as a result of a stack
==18368==  overflow in your program's main thread (unlikely but
==18368==  possible), you can try to increase the size of the
==18368==  main thread stack using the --main-stacksize= flag.
==18368==  The main thread stack size used in this run was 8388608.
==18368== 
==18368== HEAP SUMMARY:
==18368==     in use at exit: 10,075,108 bytes in 16 blocks
==18368==   total heap usage: 20 allocs, 4 frees, 10,075,336 bytes allocated
==18368== 
==18368== LEAK SUMMARY:
==18368==    definitely lost: 0 bytes in 0 blocks
==18368==    indirectly lost: 0 bytes in 0 blocks
==18368==      possibly lost: 0 bytes in 0 blocks
==18368==    still reachable: 10,075,108 bytes in 16 blocks
==18368==         suppressed: 0 bytes in 0 blocks
==18368== Reachable blocks (those to which a pointer was found) are not shown.
==18368== To see them, rerun with: --leak-check=full --show-leak-kinds=all
==18368== 
==18368== For lists of detected and suppressed errors, rerun with: -s
==18368== ERROR SUMMARY: 8 errors from 8 contexts (suppressed: 0 from 0)
